<?xml version="1.0" encoding="UTF-8"?>
<testsuite xmlns:xsi="http://www.w3.org/2001/XMLSchema-instance" xsi:noNamespaceSchemaLocation="https://maven.apache.org/surefire/maven-surefire-plugin/xsd/surefire-test-report.xsd" name="io.petstoreAPI.runners.CukesRunner" time="4.989" tests="2" errors="0" skipped="0" failures="0">
  <properties>
    <property name="sun.desktop" value="windows"/>
    <property name="awt.toolkit" value="sun.awt.windows.WToolkit"/>
    <property name="file.encoding.pkg" value="sun.io"/>
    <property name="java.specification.version" value="1.8"/>
    <property name="sun.cpu.isalist" value="amd64"/>
    <property name="sun.jnu.encoding" value="Cp1252"/>
    <property name="java.class.path" value="C:\Users\ASUS\IdeaProjects\ApiRestServiceTestingExercise\target\test-classes;C:\Users\ASUS\IdeaProjects\ApiRestServiceTestingExercise\target\classes;C:\Users\ASUS\.m2\repository\commons-lang\commons-lang\2.6\commons-lang-2.6.jar;C:\Users\ASUS\.m2\repository\io\cucumber\cucumber-java\6.5.0\cucumber-java-6.5.0.jar;C:\Users\ASUS\.m2\repository\io\cucumber\cucumber-core\6.5.0\cucumber-core-6.5.0.jar;C:\Users\ASUS\.m2\repository\io\cucumber\cucumber-gherkin\6.5.0\cucumber-gherkin-6.5.0.jar;C:\Users\ASUS\.m2\repository\io\cucumber\cucumber-gherkin-messages\6.5.0\cucumber-gherkin-messages-6.5.0.jar;C:\Users\ASUS\.m2\repository\io\cucumber\messages\13.0.1\messages-13.0.1.jar;C:\Users\ASUS\.m2\repository\io\cucumber\tag-expressions\3.0.0\tag-expressions-3.0.0.jar;C:\Users\ASUS\.m2\repository\io\cucumber\cucumber-expressions\10.3.0\cucumber-expressions-10.3.0.jar;C:\Users\ASUS\.m2\repository\io\cucumber\datatable\3.4.0\datatable-3.4.0.jar;C:\Users\ASUS\.m2\repository\io\cucumber\cucumber-plugin\6.5.0\cucumber-plugin-6.5.0.jar;C:\Users\ASUS\.m2\repository\io\cucumber\docstring\6.5.0\docstring-6.5.0.jar;C:\Users\ASUS\.m2\repository\io\cucumber\html-formatter\9.0.0\html-formatter-9.0.0.jar;C:\Users\ASUS\.m2\repository\io\cucumber\create-meta\2.0.0\create-meta-2.0.0.jar;C:\Users\ASUS\.m2\repository\org\apiguardian\apiguardian-api\1.1.0\apiguardian-api-1.1.0.jar;C:\Users\ASUS\.m2\repository\io\cucumber\cucumber-junit\6.5.0\cucumber-junit-6.5.0.jar;C:\Users\ASUS\.m2\repository\junit\junit\4.13\junit-4.13.jar;C:\Users\ASUS\.m2\repository\org\hamcrest\hamcrest-core\1.3\hamcrest-core-1.3.jar;C:\Users\ASUS\.m2\repository\io\rest-assured\rest-assured\4.3.1\rest-assured-4.3.1.jar;C:\Users\ASUS\.m2\repository\org\codehaus\groovy\groovy\3.0.3\groovy-3.0.3.jar;C:\Users\ASUS\.m2\repository\org\codehaus\groovy\groovy-xml\3.0.3\groovy-xml-3.0.3.jar;C:\Users\ASUS\.m2\repository\org\apache\httpcomponents\httpclient\4.5.3\httpclient-4.5.3.jar;C:\Users\ASUS\.m2\repository\org\apache\httpcomponents\httpcore\4.4.6\httpcore-4.4.6.jar;C:\Users\ASUS\.m2\repository\commons-logging\commons-logging\1.2\commons-logging-1.2.jar;C:\Users\ASUS\.m2\repository\org\apache\httpcomponents\httpmime\4.5.3\httpmime-4.5.3.jar;C:\Users\ASUS\.m2\repository\org\hamcrest\hamcrest\2.1\hamcrest-2.1.jar;C:\Users\ASUS\.m2\repository\org\ccil\cowan\tagsoup\tagsoup\1.2.1\tagsoup-1.2.1.jar;C:\Users\ASUS\.m2\repository\io\rest-assured\json-path\4.3.1\json-path-4.3.1.jar;C:\Users\ASUS\.m2\repository\org\codehaus\groovy\groovy-json\3.0.3\groovy-json-3.0.3.jar;C:\Users\ASUS\.m2\repository\io\rest-assured\rest-assured-common\4.3.1\rest-assured-common-4.3.1.jar;C:\Users\ASUS\.m2\repository\io\rest-assured\xml-path\4.3.1\xml-path-4.3.1.jar;C:\Users\ASUS\.m2\repository\jakarta\xml\bind\jakarta.xml.bind-api\2.3.3\jakarta.xml.bind-api-2.3.3.jar;C:\Users\ASUS\.m2\repository\jakarta\activation\jakarta.activation-api\1.2.2\jakarta.activation-api-1.2.2.jar;C:\Users\ASUS\.m2\repository\com\sun\xml\bind\jaxb-impl\2.3.3\jaxb-impl-2.3.3.jar;C:\Users\ASUS\.m2\repository\io\rest-assured\json-schema-validator\4.3.1\json-schema-validator-4.3.1.jar;C:\Users\ASUS\.m2\repository\com\github\java-json-tools\json-schema-validator\2.2.10\json-schema-validator-2.2.10.jar;C:\Users\ASUS\.m2\repository\com\github\java-json-tools\json-schema-core\1.2.10\json-schema-core-1.2.10.jar;C:\Users\ASUS\.m2\repository\com\github\java-json-tools\jackson-coreutils\1.9\jackson-coreutils-1.9.jar;C:\Users\ASUS\.m2\repository\com\github\fge\msg-simple\1.1\msg-simple-1.1.jar;C:\Users\ASUS\.m2\repository\com\github\fge\btf\1.2\btf-1.2.jar;C:\Users\ASUS\.m2\repository\com\github\fge\uri-template\0.9\uri-template-0.9.jar;C:\Users\ASUS\.m2\repository\org\mozilla\rhino\1.7.7.1\rhino-1.7.7.1.jar;C:\Users\ASUS\.m2\repository\javax\mail\mailapi\1.4.3\mailapi-1.4.3.jar;C:\Users\ASUS\.m2\repository\javax\activation\activation\1.1\activation-1.1.jar;C:\Users\ASUS\.m2\repository\joda-time\joda-time\2.9.7\joda-time-2.9.7.jar;C:\Users\ASUS\.m2\repository\com\googlecode\libphonenumber\libphonenumber\8.0.0\libphonenumber-8.0.0.jar;C:\Users\ASUS\.m2\repository\com\google\code\findbugs\jsr305\3.0.1\jsr305-3.0.1.jar;C:\Users\ASUS\.m2\repository\com\google\code\gson\gson\2.8.6\gson-2.8.6.jar;C:\Users\ASUS\.m2\repository\com\github\tomakehurst\wiremock\2.27.1\wiremock-2.27.1.jar;C:\Users\ASUS\.m2\repository\org\eclipse\jetty\jetty-server\9.2.28.v20190418\jetty-server-9.2.28.v20190418.jar;C:\Users\ASUS\.m2\repository\javax\servlet\javax.servlet-api\3.1.0\javax.servlet-api-3.1.0.jar;C:\Users\ASUS\.m2\repository\org\eclipse\jetty\jetty-http\9.2.28.v20190418\jetty-http-9.2.28.v20190418.jar;C:\Users\ASUS\.m2\repository\org\eclipse\jetty\jetty-io\9.2.28.v20190418\jetty-io-9.2.28.v20190418.jar;C:\Users\ASUS\.m2\repository\org\eclipse\jetty\jetty-servlet\9.2.28.v20190418\jetty-servlet-9.2.28.v20190418.jar;C:\Users\ASUS\.m2\repository\org\eclipse\jetty\jetty-security\9.2.28.v20190418\jetty-security-9.2.28.v20190418.jar;C:\Users\ASUS\.m2\repository\org\eclipse\jetty\jetty-servlets\9.2.28.v20190418\jetty-servlets-9.2.28.v20190418.jar;C:\Users\ASUS\.m2\repository\org\eclipse\jetty\jetty-continuation\9.2.28.v20190418\jetty-continuation-9.2.28.v20190418.jar;C:\Users\ASUS\.m2\repository\org\eclipse\jetty\jetty-util\9.2.28.v20190418\jetty-util-9.2.28.v20190418.jar;C:\Users\ASUS\.m2\repository\org\eclipse\jetty\jetty-webapp\9.2.28.v20190418\jetty-webapp-9.2.28.v20190418.jar;C:\Users\ASUS\.m2\repository\org\eclipse\jetty\jetty-xml\9.2.28.v20190418\jetty-xml-9.2.28.v20190418.jar;C:\Users\ASUS\.m2\repository\org\eclipse\jetty\jetty-proxy\9.2.28.v20190418\jetty-proxy-9.2.28.v20190418.jar;C:\Users\ASUS\.m2\repository\org\eclipse\jetty\jetty-client\9.2.28.v20190418\jetty-client-9.2.28.v20190418.jar;C:\Users\ASUS\.m2\repository\com\google\guava\guava\20.0\guava-20.0.jar;C:\Users\ASUS\.m2\repository\com\fasterxml\jackson\core\jackson-core\2.11.0\jackson-core-2.11.0.jar;C:\Users\ASUS\.m2\repository\com\fasterxml\jackson\core\jackson-annotations\2.11.0\jackson-annotations-2.11.0.jar;C:\Users\ASUS\.m2\repository\com\fasterxml\jackson\core\jackson-databind\2.11.0\jackson-databind-2.11.0.jar;C:\Users\ASUS\.m2\repository\org\xmlunit\xmlunit-core\2.7.0\xmlunit-core-2.7.0.jar;C:\Users\ASUS\.m2\repository\org\xmlunit\xmlunit-legacy\2.7.0\xmlunit-legacy-2.7.0.jar;C:\Users\ASUS\.m2\repository\org\xmlunit\xmlunit-placeholders\2.7.0\xmlunit-placeholders-2.7.0.jar;C:\Users\ASUS\.m2\repository\com\jayway\jsonpath\json-path\2.4.0\json-path-2.4.0.jar;C:\Users\ASUS\.m2\repository\net\minidev\json-smart\2.3\json-smart-2.3.jar;C:\Users\ASUS\.m2\repository\net\minidev\accessors-smart\1.2\accessors-smart-1.2.jar;C:\Users\ASUS\.m2\repository\org\ow2\asm\asm\7.0\asm-7.0.jar;C:\Users\ASUS\.m2\repository\org\slf4j\slf4j-api\1.7.12\slf4j-api-1.7.12.jar;C:\Users\ASUS\.m2\repository\net\sf\jopt-simple\jopt-simple\5.0.3\jopt-simple-5.0.3.jar;C:\Users\ASUS\.m2\repository\org\apache\commons\commons-lang3\3.7\commons-lang3-3.7.jar;C:\Users\ASUS\.m2\repository\com\github\jknack\handlebars\4.0.7\handlebars-4.0.7.jar;C:\Users\ASUS\.m2\repository\org\antlr\antlr4-runtime\4.7.1\antlr4-runtime-4.7.1.jar;C:\Users\ASUS\.m2\repository\com\github\jknack\handlebars-helpers\4.0.7\handlebars-helpers-4.0.7.jar;C:\Users\ASUS\.m2\repository\com\flipkart\zjsonpatch\zjsonpatch\0.4.4\zjsonpatch-0.4.4.jar;C:\Users\ASUS\.m2\repository\commons-fileupload\commons-fileupload\1.4\commons-fileupload-1.4.jar;C:\Users\ASUS\.m2\repository\commons-io\commons-io\2.2\commons-io-2.2.jar;C:\Users\ASUS\.m2\repository\org\projectlombok\lombok\1.18.12\lombok-1.18.12.jar;C:\Users\ASUS\.m2\repository\org\slf4j\slf4j-log4j12\1.8.0-alpha2\slf4j-log4j12-1.8.0-alpha2.jar;C:\Users\ASUS\.m2\repository\log4j\log4j\1.2.17\log4j-1.2.17.jar;C:\Users\ASUS\.m2\repository\org\apache\cassandra\cassandra-all\0.8.1\cassandra-all-0.8.1.jar;C:\Users\ASUS\.m2\repository\commons-cli\commons-cli\1.1\commons-cli-1.1.jar;C:\Users\ASUS\.m2\repository\commons-codec\commons-codec\1.2\commons-codec-1.2.jar;C:\Users\ASUS\.m2\repository\commons-collections\commons-collections\3.2.1\commons-collections-3.2.1.jar;C:\Users\ASUS\.m2\repository\com\googlecode\concurrentlinkedhashmap\concurrentlinkedhashmap-lru\1.1\concurrentlinkedhashmap-lru-1.1.jar;C:\Users\ASUS\.m2\repository\org\antlr\antlr\3.2\antlr-3.2.jar;C:\Users\ASUS\.m2\repository\org\antlr\antlr-runtime\3.2\antlr-runtime-3.2.jar;C:\Users\ASUS\.m2\repository\org\antlr\stringtemplate\3.2\stringtemplate-3.2.jar;C:\Users\ASUS\.m2\repository\antlr\antlr\2.7.7\antlr-2.7.7.jar;C:\Users\ASUS\.m2\repository\org\apache\cassandra\deps\avro\1.4.0-cassandra-1\avro-1.4.0-cassandra-1.jar;C:\Users\ASUS\.m2\repository\org\mortbay\jetty\jetty\6.1.22\jetty-6.1.22.jar;C:\Users\ASUS\.m2\repository\org\mortbay\jetty\jetty-util\6.1.22\jetty-util-6.1.22.jar;C:\Users\ASUS\.m2\repository\org\mortbay\jetty\servlet-api\2.5-20081211\servlet-api-2.5-20081211.jar;C:\Users\ASUS\.m2\repository\org\codehaus\jackson\jackson-core-asl\1.4.0\jackson-core-asl-1.4.0.jar;C:\Users\ASUS\.m2\repository\org\codehaus\jackson\jackson-mapper-asl\1.4.0\jackson-mapper-asl-1.4.0.jar;C:\Users\ASUS\.m2\repository\jline\jline\0.9.94\jline-0.9.94.jar;C:\Users\ASUS\.m2\repository\com\googlecode\json-simple\json-simple\1.1\json-simple-1.1.jar;C:\Users\ASUS\.m2\repository\com\github\stephenc\high-scale-lib\high-scale-lib\1.1.2\high-scale-lib-1.1.2.jar;C:\Users\ASUS\.m2\repository\org\yaml\snakeyaml\1.6\snakeyaml-1.6.jar;C:\Users\ASUS\.m2\repository\org\apache\thrift\libthrift\0.6.1\libthrift-0.6.1.jar;C:\Users\ASUS\.m2\repository\javax\servlet\servlet-api\2.5\servlet-api-2.5.jar;C:\Users\ASUS\.m2\repository\org\apache\cassandra\cassandra-thrift\0.8.1\cassandra-thrift-0.8.1.jar;C:\Users\ASUS\.m2\repository\com\github\stephenc\jamm\0.2.2\jamm-0.2.2.jar;"/>
    <property name="java.vm.vendor" value="Oracle Corporation"/>
    <property name="sun.arch.data.model" value="64"/>
    <property name="user.variant" value=""/>
    <property name="java.vendor.url" value="http://java.oracle.com/"/>
    <property name="user.timezone" value="Europe/London"/>
    <property name="java.vm.specification.version" value="1.8"/>
    <property name="os.name" value="Windows 10"/>
    <property name="user.country" value="GB"/>
    <property name="sun.java.launcher" value="SUN_STANDARD"/>
    <property name="sun.boot.library.path" value="C:\Program Files\Java\jdk1.8.0_231\jre\bin"/>
    <property name="sun.java.command" value="C:\Users\ASUS\AppData\Local\Temp\surefire4360536283190580507\surefirebooter1237656504993337504.jar C:\Users\ASUS\AppData\Local\Temp\surefire4360536283190580507 2020-09-11T01-21-55_604-jvmRun1 surefire6958019567705666554tmp surefire_04364697692674774727tmp"/>
    <property name="surefire.test.class.path" value="C:\Users\ASUS\IdeaProjects\ApiRestServiceTestingExercise\target\test-classes;C:\Users\ASUS\IdeaProjects\ApiRestServiceTestingExercise\target\classes;C:\Users\ASUS\.m2\repository\commons-lang\commons-lang\2.6\commons-lang-2.6.jar;C:\Users\ASUS\.m2\repository\io\cucumber\cucumber-java\6.5.0\cucumber-java-6.5.0.jar;C:\Users\ASUS\.m2\repository\io\cucumber\cucumber-core\6.5.0\cucumber-core-6.5.0.jar;C:\Users\ASUS\.m2\repository\io\cucumber\cucumber-gherkin\6.5.0\cucumber-gherkin-6.5.0.jar;C:\Users\ASUS\.m2\repository\io\cucumber\cucumber-gherkin-messages\6.5.0\cucumber-gherkin-messages-6.5.0.jar;C:\Users\ASUS\.m2\repository\io\cucumber\messages\13.0.1\messages-13.0.1.jar;C:\Users\ASUS\.m2\repository\io\cucumber\tag-expressions\3.0.0\tag-expressions-3.0.0.jar;C:\Users\ASUS\.m2\repository\io\cucumber\cucumber-expressions\10.3.0\cucumber-expressions-10.3.0.jar;C:\Users\ASUS\.m2\repository\io\cucumber\datatable\3.4.0\datatable-3.4.0.jar;C:\Users\ASUS\.m2\repository\io\cucumber\cucumber-plugin\6.5.0\cucumber-plugin-6.5.0.jar;C:\Users\ASUS\.m2\repository\io\cucumber\docstring\6.5.0\docstring-6.5.0.jar;C:\Users\ASUS\.m2\repository\io\cucumber\html-formatter\9.0.0\html-formatter-9.0.0.jar;C:\Users\ASUS\.m2\repository\io\cucumber\create-meta\2.0.0\create-meta-2.0.0.jar;C:\Users\ASUS\.m2\repository\org\apiguardian\apiguardian-api\1.1.0\apiguardian-api-1.1.0.jar;C:\Users\ASUS\.m2\repository\io\cucumber\cucumber-junit\6.5.0\cucumber-junit-6.5.0.jar;C:\Users\ASUS\.m2\repository\junit\junit\4.13\junit-4.13.jar;C:\Users\ASUS\.m2\repository\org\hamcrest\hamcrest-core\1.3\hamcrest-core-1.3.jar;C:\Users\ASUS\.m2\repository\io\rest-assured\rest-assured\4.3.1\rest-assured-4.3.1.jar;C:\Users\ASUS\.m2\repository\org\codehaus\groovy\groovy\3.0.3\groovy-3.0.3.jar;C:\Users\ASUS\.m2\repository\org\codehaus\groovy\groovy-xml\3.0.3\groovy-xml-3.0.3.jar;C:\Users\ASUS\.m2\repository\org\apache\httpcomponents\httpclient\4.5.3\httpclient-4.5.3.jar;C:\Users\ASUS\.m2\repository\org\apache\httpcomponents\httpcore\4.4.6\httpcore-4.4.6.jar;C:\Users\ASUS\.m2\repository\commons-logging\commons-logging\1.2\commons-logging-1.2.jar;C:\Users\ASUS\.m2\repository\org\apache\httpcomponents\httpmime\4.5.3\httpmime-4.5.3.jar;C:\Users\ASUS\.m2\repository\org\hamcrest\hamcrest\2.1\hamcrest-2.1.jar;C:\Users\ASUS\.m2\repository\org\ccil\cowan\tagsoup\tagsoup\1.2.1\tagsoup-1.2.1.jar;C:\Users\ASUS\.m2\repository\io\rest-assured\json-path\4.3.1\json-path-4.3.1.jar;C:\Users\ASUS\.m2\repository\org\codehaus\groovy\groovy-json\3.0.3\groovy-json-3.0.3.jar;C:\Users\ASUS\.m2\repository\io\rest-assured\rest-assured-common\4.3.1\rest-assured-common-4.3.1.jar;C:\Users\ASUS\.m2\repository\io\rest-assured\xml-path\4.3.1\xml-path-4.3.1.jar;C:\Users\ASUS\.m2\repository\jakarta\xml\bind\jakarta.xml.bind-api\2.3.3\jakarta.xml.bind-api-2.3.3.jar;C:\Users\ASUS\.m2\repository\jakarta\activation\jakarta.activation-api\1.2.2\jakarta.activation-api-1.2.2.jar;C:\Users\ASUS\.m2\repository\com\sun\xml\bind\jaxb-impl\2.3.3\jaxb-impl-2.3.3.jar;C:\Users\ASUS\.m2\repository\io\rest-assured\json-schema-validator\4.3.1\json-schema-validator-4.3.1.jar;C:\Users\ASUS\.m2\repository\com\github\java-json-tools\json-schema-validator\2.2.10\json-schema-validator-2.2.10.jar;C:\Users\ASUS\.m2\repository\com\github\java-json-tools\json-schema-core\1.2.10\json-schema-core-1.2.10.jar;C:\Users\ASUS\.m2\repository\com\github\java-json-tools\jackson-coreutils\1.9\jackson-coreutils-1.9.jar;C:\Users\ASUS\.m2\repository\com\github\fge\msg-simple\1.1\msg-simple-1.1.jar;C:\Users\ASUS\.m2\repository\com\github\fge\btf\1.2\btf-1.2.jar;C:\Users\ASUS\.m2\repository\com\github\fge\uri-template\0.9\uri-template-0.9.jar;C:\Users\ASUS\.m2\repository\org\mozilla\rhino\1.7.7.1\rhino-1.7.7.1.jar;C:\Users\ASUS\.m2\repository\javax\mail\mailapi\1.4.3\mailapi-1.4.3.jar;C:\Users\ASUS\.m2\repository\javax\activation\activation\1.1\activation-1.1.jar;C:\Users\ASUS\.m2\repository\joda-time\joda-time\2.9.7\joda-time-2.9.7.jar;C:\Users\ASUS\.m2\repository\com\googlecode\libphonenumber\libphonenumber\8.0.0\libphonenumber-8.0.0.jar;C:\Users\ASUS\.m2\repository\com\google\code\findbugs\jsr305\3.0.1\jsr305-3.0.1.jar;C:\Users\ASUS\.m2\repository\com\google\code\gson\gson\2.8.6\gson-2.8.6.jar;C:\Users\ASUS\.m2\repository\com\github\tomakehurst\wiremock\2.27.1\wiremock-2.27.1.jar;C:\Users\ASUS\.m2\repository\org\eclipse\jetty\jetty-server\9.2.28.v20190418\jetty-server-9.2.28.v20190418.jar;C:\Users\ASUS\.m2\repository\javax\servlet\javax.servlet-api\3.1.0\javax.servlet-api-3.1.0.jar;C:\Users\ASUS\.m2\repository\org\eclipse\jetty\jetty-http\9.2.28.v20190418\jetty-http-9.2.28.v20190418.jar;C:\Users\ASUS\.m2\repository\org\eclipse\jetty\jetty-io\9.2.28.v20190418\jetty-io-9.2.28.v20190418.jar;C:\Users\ASUS\.m2\repository\org\eclipse\jetty\jetty-servlet\9.2.28.v20190418\jetty-servlet-9.2.28.v20190418.jar;C:\Users\ASUS\.m2\repository\org\eclipse\jetty\jetty-security\9.2.28.v20190418\jetty-security-9.2.28.v20190418.jar;C:\Users\ASUS\.m2\repository\org\eclipse\jetty\jetty-servlets\9.2.28.v20190418\jetty-servlets-9.2.28.v20190418.jar;C:\Users\ASUS\.m2\repository\org\eclipse\jetty\jetty-continuation\9.2.28.v20190418\jetty-continuation-9.2.28.v20190418.jar;C:\Users\ASUS\.m2\repository\org\eclipse\jetty\jetty-util\9.2.28.v20190418\jetty-util-9.2.28.v20190418.jar;C:\Users\ASUS\.m2\repository\org\eclipse\jetty\jetty-webapp\9.2.28.v20190418\jetty-webapp-9.2.28.v20190418.jar;C:\Users\ASUS\.m2\repository\org\eclipse\jetty\jetty-xml\9.2.28.v20190418\jetty-xml-9.2.28.v20190418.jar;C:\Users\ASUS\.m2\repository\org\eclipse\jetty\jetty-proxy\9.2.28.v20190418\jetty-proxy-9.2.28.v20190418.jar;C:\Users\ASUS\.m2\repository\org\eclipse\jetty\jetty-client\9.2.28.v20190418\jetty-client-9.2.28.v20190418.jar;C:\Users\ASUS\.m2\repository\com\google\guava\guava\20.0\guava-20.0.jar;C:\Users\ASUS\.m2\repository\com\fasterxml\jackson\core\jackson-core\2.11.0\jackson-core-2.11.0.jar;C:\Users\ASUS\.m2\repository\com\fasterxml\jackson\core\jackson-annotations\2.11.0\jackson-annotations-2.11.0.jar;C:\Users\ASUS\.m2\repository\com\fasterxml\jackson\core\jackson-databind\2.11.0\jackson-databind-2.11.0.jar;C:\Users\ASUS\.m2\repository\org\xmlunit\xmlunit-core\2.7.0\xmlunit-core-2.7.0.jar;C:\Users\ASUS\.m2\repository\org\xmlunit\xmlunit-legacy\2.7.0\xmlunit-legacy-2.7.0.jar;C:\Users\ASUS\.m2\repository\org\xmlunit\xmlunit-placeholders\2.7.0\xmlunit-placeholders-2.7.0.jar;C:\Users\ASUS\.m2\repository\com\jayway\jsonpath\json-path\2.4.0\json-path-2.4.0.jar;C:\Users\ASUS\.m2\repository\net\minidev\json-smart\2.3\json-smart-2.3.jar;C:\Users\ASUS\.m2\repository\net\minidev\accessors-smart\1.2\accessors-smart-1.2.jar;C:\Users\ASUS\.m2\repository\org\ow2\asm\asm\7.0\asm-7.0.jar;C:\Users\ASUS\.m2\repository\org\slf4j\slf4j-api\1.7.12\slf4j-api-1.7.12.jar;C:\Users\ASUS\.m2\repository\net\sf\jopt-simple\jopt-simple\5.0.3\jopt-simple-5.0.3.jar;C:\Users\ASUS\.m2\repository\org\apache\commons\commons-lang3\3.7\commons-lang3-3.7.jar;C:\Users\ASUS\.m2\repository\com\github\jknack\handlebars\4.0.7\handlebars-4.0.7.jar;C:\Users\ASUS\.m2\repository\org\antlr\antlr4-runtime\4.7.1\antlr4-runtime-4.7.1.jar;C:\Users\ASUS\.m2\repository\com\github\jknack\handlebars-helpers\4.0.7\handlebars-helpers-4.0.7.jar;C:\Users\ASUS\.m2\repository\com\flipkart\zjsonpatch\zjsonpatch\0.4.4\zjsonpatch-0.4.4.jar;C:\Users\ASUS\.m2\repository\commons-fileupload\commons-fileupload\1.4\commons-fileupload-1.4.jar;C:\Users\ASUS\.m2\repository\commons-io\commons-io\2.2\commons-io-2.2.jar;C:\Users\ASUS\.m2\repository\org\projectlombok\lombok\1.18.12\lombok-1.18.12.jar;C:\Users\ASUS\.m2\repository\org\slf4j\slf4j-log4j12\1.8.0-alpha2\slf4j-log4j12-1.8.0-alpha2.jar;C:\Users\ASUS\.m2\repository\log4j\log4j\1.2.17\log4j-1.2.17.jar;C:\Users\ASUS\.m2\repository\org\apache\cassandra\cassandra-all\0.8.1\cassandra-all-0.8.1.jar;C:\Users\ASUS\.m2\repository\commons-cli\commons-cli\1.1\commons-cli-1.1.jar;C:\Users\ASUS\.m2\repository\commons-codec\commons-codec\1.2\commons-codec-1.2.jar;C:\Users\ASUS\.m2\repository\commons-collections\commons-collections\3.2.1\commons-collections-3.2.1.jar;C:\Users\ASUS\.m2\repository\com\googlecode\concurrentlinkedhashmap\concurrentlinkedhashmap-lru\1.1\concurrentlinkedhashmap-lru-1.1.jar;C:\Users\ASUS\.m2\repository\org\antlr\antlr\3.2\antlr-3.2.jar;C:\Users\ASUS\.m2\repository\org\antlr\antlr-runtime\3.2\antlr-runtime-3.2.jar;C:\Users\ASUS\.m2\repository\org\antlr\stringtemplate\3.2\stringtemplate-3.2.jar;C:\Users\ASUS\.m2\repository\antlr\antlr\2.7.7\antlr-2.7.7.jar;C:\Users\ASUS\.m2\repository\org\apache\cassandra\deps\avro\1.4.0-cassandra-1\avro-1.4.0-cassandra-1.jar;C:\Users\ASUS\.m2\repository\org\mortbay\jetty\jetty\6.1.22\jetty-6.1.22.jar;C:\Users\ASUS\.m2\repository\org\mortbay\jetty\jetty-util\6.1.22\jetty-util-6.1.22.jar;C:\Users\ASUS\.m2\repository\org\mortbay\jetty\servlet-api\2.5-20081211\servlet-api-2.5-20081211.jar;C:\Users\ASUS\.m2\repository\org\codehaus\jackson\jackson-core-asl\1.4.0\jackson-core-asl-1.4.0.jar;C:\Users\ASUS\.m2\repository\org\codehaus\jackson\jackson-mapper-asl\1.4.0\jackson-mapper-asl-1.4.0.jar;C:\Users\ASUS\.m2\repository\jline\jline\0.9.94\jline-0.9.94.jar;C:\Users\ASUS\.m2\repository\com\googlecode\json-simple\json-simple\1.1\json-simple-1.1.jar;C:\Users\ASUS\.m2\repository\com\github\stephenc\high-scale-lib\high-scale-lib\1.1.2\high-scale-lib-1.1.2.jar;C:\Users\ASUS\.m2\repository\org\yaml\snakeyaml\1.6\snakeyaml-1.6.jar;C:\Users\ASUS\.m2\repository\org\apache\thrift\libthrift\0.6.1\libthrift-0.6.1.jar;C:\Users\ASUS\.m2\repository\javax\servlet\servlet-api\2.5\servlet-api-2.5.jar;C:\Users\ASUS\.m2\repository\org\apache\cassandra\cassandra-thrift\0.8.1\cassandra-thrift-0.8.1.jar;C:\Users\ASUS\.m2\repository\com\github\stephenc\jamm\0.2.2\jamm-0.2.2.jar;"/>
    <property name="sun.cpu.endian" value="little"/>
    <property name="user.home" value="C:\Users\ASUS"/>
    <property name="user.language" value="en"/>
    <property name="java.specification.vendor" value="Oracle Corporation"/>
    <property name="java.home" value="C:\Program Files\Java\jdk1.8.0_231\jre"/>
    <property name="basedir" value="C:\Users\ASUS\IdeaProjects\ApiRestServiceTestingExercise"/>
    <property name="file.separator" value="\"/>
    <property name="line.separator" value="&#10;"/>
    <property name="java.vm.specification.vendor" value="Oracle Corporation"/>
    <property name="java.specification.name" value="Java Platform API Specification"/>
    <property name="java.awt.graphicsenv" value="sun.awt.Win32GraphicsEnvironment"/>
    <property name="surefire.real.class.path" value="C:\Users\ASUS\AppData\Local\Temp\surefire4360536283190580507\surefirebooter1237656504993337504.jar"/>
    <property name="sun.boot.class.path" value="C:\Program Files\Java\jdk1.8.0_231\jre\lib\resources.jar;C:\Program Files\Java\jdk1.8.0_231\jre\lib\rt.jar;C:\Program Files\Java\jdk1.8.0_231\jre\lib\sunrsasign.jar;C:\Program Files\Java\jdk1.8.0_231\jre\lib\jsse.jar;C:\Program Files\Java\jdk1.8.0_231\jre\lib\jce.jar;C:\Program Files\Java\jdk1.8.0_231\jre\lib\charsets.jar;C:\Program Files\Java\jdk1.8.0_231\jre\lib\jfr.jar;C:\Program Files\Java\jdk1.8.0_231\jre\classes"/>
    <property name="user.script" value=""/>
    <property name="sun.management.compiler" value="HotSpot 64-Bit Tiered Compilers"/>
    <property name="java.runtime.version" value="1.8.0_231-b11"/>
    <property name="user.name" value="ASUS"/>
    <property name="path.separator" value=";"/>
    <property name="os.version" value="10.0"/>
    <property name="java.endorsed.dirs" value="C:\Program Files\Java\jdk1.8.0_231\jre\lib\endorsed"/>
    <property name="java.runtime.name" value="Java(TM) SE Runtime Environment"/>
    <property name="file.encoding" value="Cp1252"/>
    <property name="java.vm.name" value="Java HotSpot(TM) 64-Bit Server VM"/>
    <property name="localRepository" value="C:\Users\ASUS\.m2\repository"/>
    <property name="java.vendor.url.bug" value="http://bugreport.sun.com/bugreport/"/>
    <property name="java.io.tmpdir" value="C:\Users\ASUS\AppData\Local\Temp\"/>
    <property name="java.version" value="1.8.0_231"/>
    <property name="user.dir" value="C:\Users\ASUS\IdeaProjects\ApiRestServiceTestingExercise"/>
    <property name="os.arch" value="amd64"/>
    <property name="java.vm.specification.name" value="Java Virtual Machine Specification"/>
    <property name="java.awt.printerjob" value="sun.awt.windows.WPrinterJob"/>
    <property name="sun.os.patch.level" value=""/>
    <property name="java.library.path" value="C:\Program Files\Java\jdk1.8.0_231\jre\bin;C:\WINDOWS\Sun\Java\bin;C:\WINDOWS\system32;C:\WINDOWS;C:\Program Files\Java\jdk1.8.0_231\bin;C:\Program Files (x86)\Common Files\Oracle\Java\javapath;C:\ProgramData\Oracle\Java\javapath;C:\Program Files (x86)\Intel\iCLS Client\;C:\Program Files\Intel\iCLS Client\;C:\Windows\system32;C:\Windows;C:\Windows\System32\Wbem;C:\Windows\System32\WindowsPowerShell\v1.0\;C:\Program Files (x86)\Intel\Intel(R) Management Engine Components\DAL;C:\Program Files\Intel\Intel(R) Management Engine Components\DAL;C:\Program Files (x86)\Intel\Intel(R) Management Engine Components\IPT;C:\Program Files\Intel\Intel(R) Management Engine Components\IPT;C:\Program Files (x86)\NVIDIA Corporation\PhysX\Common;C:\WINDOWS\system32;C:\WINDOWS;C:\WINDOWS\System32\Wbem;C:\WINDOWS\System32\WindowsPowerShell\v1.0\;C:\Program Files\Intel\WiFi\bin\;C:\Program Files\Common Files\Intel\WirelessCommon\;C:\WINDOWS\System32\OpenSSH\;C:\Program Files\NVIDIA Corporation\NVIDIA NvDLISR;C:\WINDOWS\system32;C:\WINDOWS;C:\WINDOWS\System32\Wbem;C:\WINDOWS\System32\WindowsPowerShell\v1.0\;C:\WINDOWS\System32\OpenSSH\;C:\Users\ASUS\Documents\apache-maven-3.6.3-bin\apache-maven-3.6.3\bin;C:\Program Files\Java\jdk1.8.0_231\bin;C:\Users\ASUS\AppData\Local\Android\Sdk\tools;C:\Users\ASUS\AppData\Local\Android\Sdk\platform-tools;C:\Program Files\Git\cmd;C:\Program Files\nodejs;C:\Program Files\Microsoft SQL Server\110\Tools\Binn\;C:\Program Files\nodejs\;C:\Users\ASUS\.windows-build-tools\python27\;C:\Users\ASUS\AppData\Local\Microsoft\WindowsApps;C:\Program Files\Java\jdk1.8.0_231\bin;;C:\Users\ASUS\AppData\Local\Programs\Microsoft VS Code\bin;C:\Users\ASUS\AppData\Roaming\npm;%USERPROFILE%\AppData\Local\Microsoft\WindowsApps;."/>
    <property name="java.vm.info" value="mixed mode"/>
    <property name="java.vendor" value="Oracle Corporation"/>
    <property name="java.vm.version" value="25.231-b11"/>
    <property name="java.ext.dirs" value="C:\Program Files\Java\jdk1.8.0_231\jre\lib\ext;C:\WINDOWS\Sun\Java\lib\ext"/>
    <property name="sun.io.unicode.encoding" value="UnicodeLittle"/>
    <property name="java.class.version" value="52.0"/>
  </properties>
  <testcase name="Validate pets quantity with getPetsByStatus method in live Api server" classname="Validate how many pets have the status “available” and the name “doggie”" time="3.227"/>
  <testcase name="Validate pets quantity with getPetsByStatus method in WireMock server" classname="Validate how many pets have the status “available” and the name “doggie”" time="0.58"/>
</testsuite>